<?xml version="1.0" encoding="UTF-8"?>
<coverage generated="1553996705189" clover="3.2.0">
  <project timestamp="1553996705190" name="All files">
    <metrics statements="97" coveredstatements="93" conditionals="54" coveredconditionals="51" methods="14" coveredmethods="13" elements="165" coveredelements="157" complexity="0" loc="97" ncloc="97" packages="1" files="2" classes="2"/>
    <file name="interval.js" path="/home/mladen/IngenierieTests/tp-jest/src/interval.js">
      <metrics statements="46" coveredstatements="45" conditionals="24" coveredconditionals="24" methods="9" coveredmethods="8"/>
      <line num="3" count="148" type="stmt"/>
      <line num="4" count="148" type="stmt"/>
      <line num="8" count="0" type="stmt"/>
      <line num="28" count="15" type="cond" truecount="2" falsecount="0"/>
      <line num="48" count="15" type="cond" truecount="2" falsecount="0"/>
      <line num="68" count="15" type="stmt"/>
      <line num="69" count="15" type="stmt"/>
      <line num="70" count="15" type="stmt"/>
      <line num="71" count="15" type="stmt"/>
      <line num="72" count="30" type="cond" truecount="2" falsecount="0"/>
      <line num="73" count="2" type="stmt"/>
      <line num="76" count="15" type="cond" truecount="2" falsecount="0"/>
      <line num="77" count="13" type="stmt"/>
      <line num="80" count="15" type="stmt"/>
      <line num="81" count="43" type="cond" truecount="2" falsecount="0"/>
      <line num="82" count="1" type="stmt"/>
      <line num="85" count="15" type="cond" truecount="2" falsecount="0"/>
      <line num="86" count="14" type="stmt"/>
      <line num="88" count="59" type="stmt"/>
      <line num="109" count="15" type="stmt"/>
      <line num="110" count="15" type="stmt"/>
      <line num="111" count="15" type="stmt"/>
      <line num="112" count="30" type="cond" truecount="2" falsecount="0"/>
      <line num="113" count="6" type="stmt"/>
      <line num="115" count="30" type="cond" truecount="2" falsecount="0"/>
      <line num="116" count="5" type="stmt"/>
      <line num="119" count="15" type="stmt"/>
      <line num="139" count="14" type="stmt"/>
      <line num="140" count="14" type="stmt"/>
      <line num="141" count="14" type="stmt"/>
      <line num="142" count="14" type="stmt"/>
      <line num="143" count="14" type="stmt"/>
      <line num="144" count="28" type="cond" truecount="2" falsecount="0"/>
      <line num="145" count="6" type="stmt"/>
      <line num="148" count="14" type="stmt"/>
      <line num="149" count="28" type="cond" truecount="2" falsecount="0"/>
      <line num="150" count="5" type="stmt"/>
      <line num="154" count="14" type="stmt"/>
      <line num="155" count="11" type="stmt"/>
      <line num="156" count="14" type="cond" truecount="2" falsecount="0"/>
      <line num="157" count="11" type="stmt"/>
      <line num="159" count="14" type="cond" truecount="2" falsecount="0"/>
      <line num="160" count="11" type="stmt"/>
      <line num="168" count="14" type="stmt"/>
      <line num="169" count="14" type="stmt"/>
      <line num="174" count="2" type="stmt"/>
    </file>
    <file name="math.js" path="/home/mladen/IngenierieTests/tp-jest/src/math.js">
      <metrics statements="51" coveredstatements="48" conditionals="30" coveredconditionals="27" methods="5" coveredmethods="5"/>
      <line num="1" count="1" type="stmt"/>
      <line num="3" count="1" type="stmt"/>
      <line num="4" count="29" type="cond" truecount="2" falsecount="0"/>
      <line num="5" count="1" type="stmt"/>
      <line num="7" count="28" type="cond" truecount="3" falsecount="1"/>
      <line num="8" count="0" type="stmt"/>
      <line num="10" count="28" type="cond" truecount="1" falsecount="1"/>
      <line num="11" count="0" type="stmt"/>
      <line num="13" count="28" type="cond" truecount="2" falsecount="0"/>
      <line num="14" count="7" type="stmt"/>
      <line num="16" count="21" type="stmt"/>
      <line num="26" count="1" type="stmt"/>
      <line num="27" count="29" type="cond" truecount="2" falsecount="0"/>
      <line num="28" count="1" type="stmt"/>
      <line num="30" count="28" type="cond" truecount="2" falsecount="0"/>
      <line num="31" count="1" type="stmt"/>
      <line num="33" count="27" type="cond" truecount="2" falsecount="0"/>
      <line num="34" count="4" type="stmt"/>
      <line num="37" count="23" type="stmt"/>
      <line num="39" count="72" type="cond" truecount="2" falsecount="0"/>
      <line num="41" count="10" type="stmt"/>
      <line num="44" count="13" type="stmt"/>
      <line num="58" count="1" type="stmt"/>
      <line num="59" count="3" type="cond" truecount="1" falsecount="1"/>
      <line num="60" count="0" type="stmt"/>
      <line num="62" count="3" type="stmt"/>
      <line num="63" count="3" type="stmt"/>
      <line num="64" count="20" type="cond" truecount="2" falsecount="0"/>
      <line num="65" count="12" type="stmt"/>
      <line num="68" count="3" type="stmt"/>
      <line num="83" count="1" type="stmt"/>
      <line num="84" count="3" type="stmt"/>
      <line num="85" count="3" type="stmt"/>
      <line num="86" count="23" type="cond" truecount="4" falsecount="0"/>
      <line num="87" count="1" type="stmt"/>
      <line num="89" count="22" type="cond" truecount="2" falsecount="0"/>
      <line num="90" count="6" type="stmt"/>
      <line num="91" count="16" type="cond" truecount="2" falsecount="0"/>
      <line num="92" count="3" type="stmt"/>
      <line num="95" count="13" type="stmt"/>
      <line num="98" count="3" type="stmt"/>
      <line num="110" count="1" type="stmt"/>
      <line num="111" count="2" type="stmt"/>
      <line num="112" count="2" type="stmt"/>
      <line num="113" count="2" type="stmt"/>
      <line num="114" count="2" type="stmt"/>
      <line num="115" count="20" type="stmt"/>
      <line num="116" count="20" type="stmt"/>
      <line num="117" count="20" type="stmt"/>
      <line num="119" count="2" type="stmt"/>
      <line num="123" count="1" type="stmt"/>
    </file>
  </project>
</coverage>
