{"/home/mladen/IngenierieTests/tp-jest/src/interval.js": {"path":"/home/mladen/IngenierieTests/tp-jest/src/interval.js","statementMap":{"0":{"start":{"line":3,"column":8},"end":{"line":3,"column":27}},"1":{"start":{"line":4,"column":8},"end":{"line":4,"column":22}},"2":{"start":{"line":8,"column":8},"end":{"line":8,"column":55}},"3":{"start":{"line":28,"column":8},"end":{"line":28,"column":68}},"4":{"start":{"line":48,"column":8},"end":{"line":48,"column":70}},"5":{"start":{"line":68,"column":18},"end":{"line":68,"column":39}},"6":{"start":{"line":69,"column":18},"end":{"line":69,"column":22}},"7":{"start":{"line":70,"column":18},"end":{"line":70,"column":22}},"8":{"start":{"line":71,"column":4},"end":{"line":75,"column":5}},"9":{"start":{"line":71,"column":21},"end":{"line":71,"column":22}},"10":{"start":{"line":72,"column":8},"end":{"line":74,"column":9}},"11":{"start":{"line":73,"column":11},"end":{"line":73,"column":20}},"12":{"start":{"line":76,"column":4},"end":{"line":78,"column":5}},"13":{"start":{"line":77,"column":8},"end":{"line":77,"column":32}},"14":{"start":{"line":80,"column":4},"end":{"line":84,"column":5}},"15":{"start":{"line":80,"column":21},"end":{"line":80,"column":22}},"16":{"start":{"line":81,"column":8},"end":{"line":83,"column":9}},"17":{"start":{"line":82,"column":11},"end":{"line":82,"column":20}},"18":{"start":{"line":85,"column":4},"end":{"line":87,"column":5}},"19":{"start":{"line":86,"column":8},"end":{"line":86,"column":30}},"20":{"start":{"line":88,"column":7},"end":{"line":88,"column":50}},"21":{"start":{"line":88,"column":37},"end":{"line":88,"column":47}},"22":{"start":{"line":109,"column":18},"end":{"line":109,"column":39}},"23":{"start":{"line":110,"column":19},"end":{"line":110,"column":21}},"24":{"start":{"line":111,"column":8},"end":{"line":118,"column":9}},"25":{"start":{"line":111,"column":25},"end":{"line":111,"column":26}},"26":{"start":{"line":112,"column":12},"end":{"line":114,"column":13}},"27":{"start":{"line":113,"column":16},"end":{"line":113,"column":41}},"28":{"start":{"line":115,"column":12},"end":{"line":117,"column":13}},"29":{"start":{"line":116,"column":16},"end":{"line":116,"column":39}},"30":{"start":{"line":119,"column":8},"end":{"line":119,"column":52}},"31":{"start":{"line":119,"column":39},"end":{"line":119,"column":49}},"32":{"start":{"line":139,"column":19},"end":{"line":139,"column":40}},"33":{"start":{"line":140,"column":19},"end":{"line":140,"column":48}},"34":{"start":{"line":141,"column":19},"end":{"line":141,"column":21}},"35":{"start":{"line":142,"column":20},"end":{"line":142,"column":24}},"36":{"start":{"line":143,"column":8},"end":{"line":147,"column":9}},"37":{"start":{"line":143,"column":25},"end":{"line":143,"column":26}},"38":{"start":{"line":144,"column":12},"end":{"line":146,"column":13}},"39":{"start":{"line":145,"column":16},"end":{"line":145,"column":39}},"40":{"start":{"line":148,"column":8},"end":{"line":152,"column":9}},"41":{"start":{"line":148,"column":25},"end":{"line":148,"column":26}},"42":{"start":{"line":149,"column":12},"end":{"line":151,"column":13}},"43":{"start":{"line":150,"column":16},"end":{"line":150,"column":39}},"44":{"start":{"line":154,"column":8},"end":{"line":166,"column":9}},"45":{"start":{"line":154,"column":25},"end":{"line":154,"column":26}},"46":{"start":{"line":155,"column":12},"end":{"line":163,"column":13}},"47":{"start":{"line":155,"column":30},"end":{"line":155,"column":31}},"48":{"start":{"line":156,"column":16},"end":{"line":158,"column":17}},"49":{"start":{"line":157,"column":20},"end":{"line":157,"column":41}},"50":{"start":{"line":159,"column":16},"end":{"line":161,"column":17}},"51":{"start":{"line":160,"column":20},"end":{"line":160,"column":41}},"52":{"start":{"line":168,"column":19},"end":{"line":168,"column":36}},"53":{"start":{"line":169,"column":8},"end":{"line":169,"column":27}},"54":{"start":{"line":174,"column":0},"end":{"line":174,"column":26}}},"fnMap":{"0":{"name":"(anonymous_0)","decl":{"start":{"line":2,"column":4},"end":{"line":2,"column":5}},"loc":{"start":{"line":2,"column":28},"end":{"line":5,"column":5}},"line":2},"1":{"name":"(anonymous_1)","decl":{"start":{"line":7,"column":4},"end":{"line":7,"column":5}},"loc":{"start":{"line":7,"column":15},"end":{"line":9,"column":5}},"line":7},"2":{"name":"(anonymous_2)","decl":{"start":{"line":27,"column":4},"end":{"line":27,"column":5}},"loc":{"start":{"line":27,"column":23},"end":{"line":29,"column":5}},"line":27},"3":{"name":"(anonymous_3)","decl":{"start":{"line":47,"column":4},"end":{"line":47,"column":5}},"loc":{"start":{"line":47,"column":23},"end":{"line":49,"column":5}},"line":47},"4":{"name":"(anonymous_4)","decl":{"start":{"line":67,"column":4},"end":{"line":67,"column":5}},"loc":{"start":{"line":67,"column":20},"end":{"line":90,"column":5}},"line":67},"5":{"name":"(anonymous_5)","decl":{"start":{"line":88,"column":23},"end":{"line":88,"column":24}},"loc":{"start":{"line":88,"column":36},"end":{"line":88,"column":48}},"line":88},"6":{"name":"(anonymous_6)","decl":{"start":{"line":108,"column":4},"end":{"line":108,"column":5}},"loc":{"start":{"line":108,"column":27},"end":{"line":120,"column":5}},"line":108},"7":{"name":"(anonymous_7)","decl":{"start":{"line":119,"column":25},"end":{"line":119,"column":26}},"loc":{"start":{"line":119,"column":38},"end":{"line":119,"column":50}},"line":119},"8":{"name":"(anonymous_8)","decl":{"start":{"line":138,"column":4},"end":{"line":138,"column":5}},"loc":{"start":{"line":138,"column":24},"end":{"line":171,"column":5}},"line":138}},"branchMap":{"0":{"loc":{"start":{"line":28,"column":15},"end":{"line":28,"column":67}},"type":"binary-expr","locations":[{"start":{"line":28,"column":15},"end":{"line":28,"column":40}},{"start":{"line":28,"column":44},"end":{"line":28,"column":67}}],"line":28},"1":{"loc":{"start":{"line":48,"column":15},"end":{"line":48,"column":69}},"type":"binary-expr","locations":[{"start":{"line":48,"column":15},"end":{"line":48,"column":42}},{"start":{"line":48,"column":46},"end":{"line":48,"column":69}}],"line":48},"2":{"loc":{"start":{"line":72,"column":8},"end":{"line":74,"column":9}},"type":"if","locations":[{"start":{"line":72,"column":8},"end":{"line":74,"column":9}},{"start":{"line":72,"column":8},"end":{"line":74,"column":9}}],"line":72},"3":{"loc":{"start":{"line":76,"column":4},"end":{"line":78,"column":5}},"type":"if","locations":[{"start":{"line":76,"column":4},"end":{"line":78,"column":5}},{"start":{"line":76,"column":4},"end":{"line":78,"column":5}}],"line":76},"4":{"loc":{"start":{"line":81,"column":8},"end":{"line":83,"column":9}},"type":"if","locations":[{"start":{"line":81,"column":8},"end":{"line":83,"column":9}},{"start":{"line":81,"column":8},"end":{"line":83,"column":9}}],"line":81},"5":{"loc":{"start":{"line":85,"column":4},"end":{"line":87,"column":5}},"type":"if","locations":[{"start":{"line":85,"column":4},"end":{"line":87,"column":5}},{"start":{"line":85,"column":4},"end":{"line":87,"column":5}}],"line":85},"6":{"loc":{"start":{"line":112,"column":12},"end":{"line":114,"column":13}},"type":"if","locations":[{"start":{"line":112,"column":12},"end":{"line":114,"column":13}},{"start":{"line":112,"column":12},"end":{"line":114,"column":13}}],"line":112},"7":{"loc":{"start":{"line":115,"column":12},"end":{"line":117,"column":13}},"type":"if","locations":[{"start":{"line":115,"column":12},"end":{"line":117,"column":13}},{"start":{"line":115,"column":12},"end":{"line":117,"column":13}}],"line":115},"8":{"loc":{"start":{"line":144,"column":12},"end":{"line":146,"column":13}},"type":"if","locations":[{"start":{"line":144,"column":12},"end":{"line":146,"column":13}},{"start":{"line":144,"column":12},"end":{"line":146,"column":13}}],"line":144},"9":{"loc":{"start":{"line":149,"column":12},"end":{"line":151,"column":13}},"type":"if","locations":[{"start":{"line":149,"column":12},"end":{"line":151,"column":13}},{"start":{"line":149,"column":12},"end":{"line":151,"column":13}}],"line":149},"10":{"loc":{"start":{"line":156,"column":16},"end":{"line":158,"column":17}},"type":"if","locations":[{"start":{"line":156,"column":16},"end":{"line":158,"column":17}},{"start":{"line":156,"column":16},"end":{"line":158,"column":17}}],"line":156},"11":{"loc":{"start":{"line":159,"column":16},"end":{"line":161,"column":17}},"type":"if","locations":[{"start":{"line":159,"column":16},"end":{"line":161,"column":17}},{"start":{"line":159,"column":16},"end":{"line":161,"column":17}}],"line":159}},"s":{"0":148,"1":148,"2":0,"3":15,"4":15,"5":15,"6":15,"7":15,"8":15,"9":15,"10":30,"11":2,"12":15,"13":13,"14":15,"15":15,"16":43,"17":1,"18":15,"19":14,"20":15,"21":59,"22":15,"23":15,"24":15,"25":15,"26":30,"27":6,"28":30,"29":5,"30":15,"31":2,"32":14,"33":14,"34":14,"35":14,"36":14,"37":14,"38":28,"39":6,"40":14,"41":14,"42":28,"43":5,"44":14,"45":14,"46":11,"47":11,"48":14,"49":11,"50":14,"51":11,"52":14,"53":14,"54":2},"f":{"0":148,"1":0,"2":15,"3":15,"4":15,"5":59,"6":15,"7":2,"8":14},"b":{"0":[15,11],"1":[15,8],"2":[2,28],"3":[13,2],"4":[1,42],"5":[14,1],"6":[6,24],"7":[5,25],"8":[6,22],"9":[5,23],"10":[11,3],"11":[11,3]},"_coverageSchema":"43e27e138ebf9cfc5966b082cf9a028302ed4184","hash":"5bfd32706374ab827766b0f628b925064070e719"}
,"/home/mladen/IngenierieTests/tp-jest/src/math.js": {"path":"/home/mladen/IngenierieTests/tp-jest/src/math.js","statementMap":{"0":{"start":{"line":1,"column":11},"end":{"line":1,"column":13}},"1":{"start":{"line":3,"column":0},"end":{"line":17,"column":2}},"2":{"start":{"line":4,"column":4},"end":{"line":6,"column":5}},"3":{"start":{"line":5,"column":8},"end":{"line":5,"column":53}},"4":{"start":{"line":7,"column":4},"end":{"line":9,"column":5}},"5":{"start":{"line":8,"column":8},"end":{"line":8,"column":65}},"6":{"start":{"line":10,"column":4},"end":{"line":12,"column":5}},"7":{"start":{"line":11,"column":8},"end":{"line":11,"column":55}},"8":{"start":{"line":13,"column":4},"end":{"line":15,"column":5}},"9":{"start":{"line":14,"column":8},"end":{"line":14,"column":17}},"10":{"start":{"line":16,"column":4},"end":{"line":16,"column":37}},"11":{"start":{"line":26,"column":0},"end":{"line":46,"column":2}},"12":{"start":{"line":27,"column":4},"end":{"line":29,"column":7}},"13":{"start":{"line":28,"column":8},"end":{"line":28,"column":21}},"14":{"start":{"line":30,"column":4},"end":{"line":45,"column":5}},"15":{"start":{"line":31,"column":6},"end":{"line":31,"column":19}},"16":{"start":{"line":33,"column":9},"end":{"line":45,"column":5}},"17":{"start":{"line":34,"column":6},"end":{"line":34,"column":18}},"18":{"start":{"line":37,"column":6},"end":{"line":43,"column":7}},"19":{"start":{"line":37,"column":18},"end":{"line":37,"column":19}},"20":{"start":{"line":39,"column":8},"end":{"line":42,"column":9}},"21":{"start":{"line":41,"column":10},"end":{"line":41,"column":23}},"22":{"start":{"line":44,"column":6},"end":{"line":44,"column":18}},"23":{"start":{"line":58,"column":0},"end":{"line":69,"column":2}},"24":{"start":{"line":59,"column":4},"end":{"line":61,"column":5}},"25":{"start":{"line":60,"column":8},"end":{"line":60,"column":17}},"26":{"start":{"line":62,"column":4},"end":{"line":62,"column":10}},"27":{"start":{"line":63,"column":4},"end":{"line":67,"column":5}},"28":{"start":{"line":64,"column":8},"end":{"line":66,"column":9}},"29":{"start":{"line":65,"column":12},"end":{"line":65,"column":17}},"30":{"start":{"line":68,"column":4},"end":{"line":68,"column":13}},"31":{"start":{"line":68,"column":13},"end":{"line":68,"column":14}},"32":{"start":{"line":83,"column":0},"end":{"line":99,"column":2}},"33":{"start":{"line":84,"column":13},"end":{"line":84,"column":15}},"34":{"start":{"line":85,"column":2},"end":{"line":97,"column":3}},"35":{"start":{"line":85,"column":19},"end":{"line":85,"column":20}},"36":{"start":{"line":86,"column":4},"end":{"line":96,"column":5}},"37":{"start":{"line":87,"column":6},"end":{"line":87,"column":27}},"38":{"start":{"line":89,"column":9},"end":{"line":96,"column":5}},"39":{"start":{"line":90,"column":6},"end":{"line":90,"column":24}},"40":{"start":{"line":91,"column":10},"end":{"line":96,"column":5}},"41":{"start":{"line":92,"column":6},"end":{"line":92,"column":23}},"42":{"start":{"line":95,"column":6},"end":{"line":95,"column":22}},"43":{"start":{"line":98,"column":2},"end":{"line":98,"column":14}},"44":{"start":{"line":110,"column":0},"end":{"line":120,"column":2}},"45":{"start":{"line":111,"column":13},"end":{"line":111,"column":15}},"46":{"start":{"line":112,"column":15},"end":{"line":112,"column":17}},"47":{"start":{"line":113,"column":12},"end":{"line":113,"column":13}},"48":{"start":{"line":114,"column":2},"end":{"line":118,"column":3}},"49":{"start":{"line":114,"column":19},"end":{"line":114,"column":20}},"50":{"start":{"line":115,"column":4},"end":{"line":115,"column":35}},"51":{"start":{"line":116,"column":4},"end":{"line":116,"column":40}},"52":{"start":{"line":117,"column":4},"end":{"line":117,"column":17}},"53":{"start":{"line":119,"column":2},"end":{"line":119,"column":32}},"54":{"start":{"line":123,"column":0},"end":{"line":123,"column":22}}},"fnMap":{"0":{"name":"(anonymous_0)","decl":{"start":{"line":3,"column":17},"end":{"line":3,"column":18}},"loc":{"start":{"line":3,"column":24},"end":{"line":17,"column":1}},"line":3},"1":{"name":"(anonymous_1)","decl":{"start":{"line":26,"column":15},"end":{"line":26,"column":16}},"loc":{"start":{"line":26,"column":27},"end":{"line":46,"column":1}},"line":26},"2":{"name":"(anonymous_2)","decl":{"start":{"line":58,"column":16},"end":{"line":58,"column":17}},"loc":{"start":{"line":58,"column":28},"end":{"line":69,"column":1}},"line":58},"3":{"name":"(anonymous_3)","decl":{"start":{"line":83,"column":16},"end":{"line":83,"column":17}},"loc":{"start":{"line":83,"column":28},"end":{"line":99,"column":1}},"line":83},"4":{"name":"(anonymous_4)","decl":{"start":{"line":110,"column":14},"end":{"line":110,"column":15}},"loc":{"start":{"line":110,"column":32},"end":{"line":120,"column":1}},"line":110}},"branchMap":{"0":{"loc":{"start":{"line":4,"column":4},"end":{"line":6,"column":5}},"type":"if","locations":[{"start":{"line":4,"column":4},"end":{"line":6,"column":5}},{"start":{"line":4,"column":4},"end":{"line":6,"column":5}}],"line":4},"1":{"loc":{"start":{"line":7,"column":4},"end":{"line":9,"column":5}},"type":"if","locations":[{"start":{"line":7,"column":4},"end":{"line":9,"column":5}},{"start":{"line":7,"column":4},"end":{"line":9,"column":5}}],"line":7},"2":{"loc":{"start":{"line":7,"column":8},"end":{"line":7,"column":55}},"type":"binary-expr","locations":[{"start":{"line":7,"column":8},"end":{"line":7,"column":32}},{"start":{"line":7,"column":36},"end":{"line":7,"column":55}}],"line":7},"3":{"loc":{"start":{"line":10,"column":4},"end":{"line":12,"column":5}},"type":"if","locations":[{"start":{"line":10,"column":4},"end":{"line":12,"column":5}},{"start":{"line":10,"column":4},"end":{"line":12,"column":5}}],"line":10},"4":{"loc":{"start":{"line":13,"column":4},"end":{"line":15,"column":5}},"type":"if","locations":[{"start":{"line":13,"column":4},"end":{"line":15,"column":5}},{"start":{"line":13,"column":4},"end":{"line":15,"column":5}}],"line":13},"5":{"loc":{"start":{"line":27,"column":4},"end":{"line":29,"column":7}},"type":"if","locations":[{"start":{"line":27,"column":4},"end":{"line":29,"column":7}},{"start":{"line":27,"column":4},"end":{"line":29,"column":7}}],"line":27},"6":{"loc":{"start":{"line":30,"column":4},"end":{"line":45,"column":5}},"type":"if","locations":[{"start":{"line":30,"column":4},"end":{"line":45,"column":5}},{"start":{"line":30,"column":4},"end":{"line":45,"column":5}}],"line":30},"7":{"loc":{"start":{"line":33,"column":9},"end":{"line":45,"column":5}},"type":"if","locations":[{"start":{"line":33,"column":9},"end":{"line":45,"column":5}},{"start":{"line":33,"column":9},"end":{"line":45,"column":5}}],"line":33},"8":{"loc":{"start":{"line":39,"column":8},"end":{"line":42,"column":9}},"type":"if","locations":[{"start":{"line":39,"column":8},"end":{"line":42,"column":9}},{"start":{"line":39,"column":8},"end":{"line":42,"column":9}}],"line":39},"9":{"loc":{"start":{"line":59,"column":4},"end":{"line":61,"column":5}},"type":"if","locations":[{"start":{"line":59,"column":4},"end":{"line":61,"column":5}},{"start":{"line":59,"column":4},"end":{"line":61,"column":5}}],"line":59},"10":{"loc":{"start":{"line":64,"column":8},"end":{"line":66,"column":9}},"type":"if","locations":[{"start":{"line":64,"column":8},"end":{"line":66,"column":9}},{"start":{"line":64,"column":8},"end":{"line":66,"column":9}}],"line":64},"11":{"loc":{"start":{"line":86,"column":4},"end":{"line":96,"column":5}},"type":"if","locations":[{"start":{"line":86,"column":4},"end":{"line":96,"column":5}},{"start":{"line":86,"column":4},"end":{"line":96,"column":5}}],"line":86},"12":{"loc":{"start":{"line":86,"column":7},"end":{"line":86,"column":31}},"type":"binary-expr","locations":[{"start":{"line":86,"column":7},"end":{"line":86,"column":17}},{"start":{"line":86,"column":21},"end":{"line":86,"column":31}}],"line":86},"13":{"loc":{"start":{"line":89,"column":9},"end":{"line":96,"column":5}},"type":"if","locations":[{"start":{"line":89,"column":9},"end":{"line":96,"column":5}},{"start":{"line":89,"column":9},"end":{"line":96,"column":5}}],"line":89},"14":{"loc":{"start":{"line":91,"column":10},"end":{"line":96,"column":5}},"type":"if","locations":[{"start":{"line":91,"column":10},"end":{"line":96,"column":5}},{"start":{"line":91,"column":10},"end":{"line":96,"column":5}}],"line":91}},"s":{"0":1,"1":1,"2":29,"3":1,"4":28,"5":0,"6":28,"7":0,"8":28,"9":7,"10":21,"11":1,"12":29,"13":1,"14":28,"15":1,"16":27,"17":4,"18":23,"19":23,"20":72,"21":10,"22":13,"23":1,"24":3,"25":0,"26":3,"27":3,"28":20,"29":12,"30":3,"31":0,"32":1,"33":3,"34":3,"35":3,"36":23,"37":1,"38":22,"39":6,"40":16,"41":3,"42":13,"43":3,"44":1,"45":2,"46":2,"47":2,"48":2,"49":2,"50":20,"51":20,"52":20,"53":2,"54":1},"f":{"0":29,"1":29,"2":3,"3":3,"4":2},"b":{"0":[1,28],"1":[0,28],"2":[28,28],"3":[0,28],"4":[7,21],"5":[1,28],"6":[1,27],"7":[4,23],"8":[10,62],"9":[0,3],"10":[12,8],"11":[1,22],"12":[23,7],"13":[6,16],"14":[3,13]},"_coverageSchema":"43e27e138ebf9cfc5966b082cf9a028302ed4184","hash":"9054230dc7e252f2221db1031a0e3aa9b3ca6da2"}
}
