TN:
SF:/home/mladen/IngenierieTests/tp-jest/src/interval.js
FN:2,(anonymous_0)
FN:7,(anonymous_1)
FN:27,(anonymous_2)
FN:47,(anonymous_3)
FN:67,(anonymous_4)
FN:88,(anonymous_5)
FN:108,(anonymous_6)
FN:119,(anonymous_7)
FN:138,(anonymous_8)
FNF:9
FNH:8
FNDA:148,(anonymous_0)
FNDA:0,(anonymous_1)
FNDA:15,(anonymous_2)
FNDA:15,(anonymous_3)
FNDA:15,(anonymous_4)
FNDA:59,(anonymous_5)
FNDA:15,(anonymous_6)
FNDA:2,(anonymous_7)
FNDA:14,(anonymous_8)
DA:3,148
DA:4,148
DA:8,0
DA:28,15
DA:48,15
DA:68,15
DA:69,15
DA:70,15
DA:71,15
DA:72,30
DA:73,2
DA:76,15
DA:77,13
DA:80,15
DA:81,43
DA:82,1
DA:85,15
DA:86,14
DA:88,59
DA:109,15
DA:110,15
DA:111,15
DA:112,30
DA:113,6
DA:115,30
DA:116,5
DA:119,15
DA:139,14
DA:140,14
DA:141,14
DA:142,14
DA:143,14
DA:144,28
DA:145,6
DA:148,14
DA:149,28
DA:150,5
DA:154,14
DA:155,11
DA:156,14
DA:157,11
DA:159,14
DA:160,11
DA:168,14
DA:169,14
DA:174,2
LF:46
LH:45
BRDA:28,0,0,15
BRDA:28,0,1,11
BRDA:48,1,0,15
BRDA:48,1,1,8
BRDA:72,2,0,2
BRDA:72,2,1,28
BRDA:76,3,0,13
BRDA:76,3,1,2
BRDA:81,4,0,1
BRDA:81,4,1,42
BRDA:85,5,0,14
BRDA:85,5,1,1
BRDA:112,6,0,6
BRDA:112,6,1,24
BRDA:115,7,0,5
BRDA:115,7,1,25
BRDA:144,8,0,6
BRDA:144,8,1,22
BRDA:149,9,0,5
BRDA:149,9,1,23
BRDA:156,10,0,11
BRDA:156,10,1,3
BRDA:159,11,0,11
BRDA:159,11,1,3
BRF:24
BRH:24
end_of_record
TN:
SF:/home/mladen/IngenierieTests/tp-jest/src/math.js
FN:3,(anonymous_0)
FN:26,(anonymous_1)
FN:58,(anonymous_2)
FN:83,(anonymous_3)
FN:110,(anonymous_4)
FNF:5
FNH:5
FNDA:29,(anonymous_0)
FNDA:29,(anonymous_1)
FNDA:3,(anonymous_2)
FNDA:3,(anonymous_3)
FNDA:2,(anonymous_4)
DA:1,1
DA:3,1
DA:4,29
DA:5,1
DA:7,28
DA:8,0
DA:10,28
DA:11,0
DA:13,28
DA:14,7
DA:16,21
DA:26,1
DA:27,29
DA:28,1
DA:30,28
DA:31,1
DA:33,27
DA:34,4
DA:37,23
DA:39,72
DA:41,10
DA:44,13
DA:58,1
DA:59,3
DA:60,0
DA:62,3
DA:63,3
DA:64,20
DA:65,12
DA:68,3
DA:83,1
DA:84,3
DA:85,3
DA:86,23
DA:87,1
DA:89,22
DA:90,6
DA:91,16
DA:92,3
DA:95,13
DA:98,3
DA:110,1
DA:111,2
DA:112,2
DA:113,2
DA:114,2
DA:115,20
DA:116,20
DA:117,20
DA:119,2
DA:123,1
LF:51
LH:48
BRDA:4,0,0,1
BRDA:4,0,1,28
BRDA:7,1,0,0
BRDA:7,1,1,28
BRDA:7,2,0,28
BRDA:7,2,1,28
BRDA:10,3,0,0
BRDA:10,3,1,28
BRDA:13,4,0,7
BRDA:13,4,1,21
BRDA:27,5,0,1
BRDA:27,5,1,28
BRDA:30,6,0,1
BRDA:30,6,1,27
BRDA:33,7,0,4
BRDA:33,7,1,23
BRDA:39,8,0,10
BRDA:39,8,1,62
BRDA:59,9,0,0
BRDA:59,9,1,3
BRDA:64,10,0,12
BRDA:64,10,1,8
BRDA:86,11,0,1
BRDA:86,11,1,22
BRDA:86,12,0,23
BRDA:86,12,1,7
BRDA:89,13,0,6
BRDA:89,13,1,16
BRDA:91,14,0,3
BRDA:91,14,1,13
BRF:30
BRH:27
end_of_record
